[0m14:47:48.266725 [debug] [MainThread]: Sending event: {'category': 'dbt', 'action': 'invocation', 'label': 'start', 'context': [<snowplow_tracker.self_describing_json.SelfDescribingJson object at 0x71fd11a02fa0>, <snowplow_tracker.self_describing_json.SelfDescribingJson object at 0x71fd1011a370>, <snowplow_tracker.self_describing_json.SelfDescribingJson object at 0x71fd1011a2b0>]}


============================== 14:47:48.281714 | 65177229-15e5-4f76-aa64-e130bb9b5d3a ==============================
[0m14:47:48.281714 [info ] [MainThread]: Running with dbt=1.8.9
[0m14:47:48.282797 [debug] [MainThread]: running dbt with arguments {'printer_width': '80', 'indirect_selection': 'eager', 'log_cache_events': 'False', 'write_json': 'True', 'partial_parse': 'True', 'cache_selected_only': 'False', 'warn_error': 'None', 'fail_fast': 'False', 'profiles_dir': '/root/.dbt', 'log_path': 'logs', 'version_check': 'True', 'debug': 'False', 'use_colors': 'True', 'use_experimental_parser': 'False', 'no_print': 'None', 'quiet': 'False', 'empty': 'None', 'log_format': 'default', 'static_parser': 'True', 'introspect': 'True', 'invocation_command': 'dbt init', 'target_path': 'None', 'warn_error_options': 'WarnErrorOptions(include=[], exclude=[])', 'send_anonymous_usage_stats': 'True'}
[0m14:47:56.039665 [debug] [MainThread]: Starter project path: /usr/local/lib/python3.9/site-packages/dbt/include/starter_project
[0m14:47:56.045929 [info ] [MainThread]: 
Your new dbt project "dbt_project" was created!

For more information on how to configure the profiles.yml file,
please consult the dbt documentation here:

  https://docs.getdbt.com/docs/configure-your-profile

One more thing:

Need help? Don't hesitate to reach out to us via GitHub issues or on Slack:

  https://community.getdbt.com/

Happy modeling!

[0m14:47:56.046515 [info ] [MainThread]: Setting up your profile.
[0m14:48:42.783946 [info ] [MainThread]: Profile dbt_project written to /root/.dbt/profiles.yml using target's profile_template.yml and your supplied values. Run 'dbt debug' to validate the connection.
[0m14:48:42.788828 [debug] [MainThread]: Resource report: {"command_name": "init", "command_success": true, "command_wall_clock_time": 54.62012, "process_in_blocks": "55432", "process_kernel_time": 0.183495, "process_mem_max_rss": "88608", "process_out_blocks": "768", "process_user_time": 1.758271}
[0m14:48:42.790121 [debug] [MainThread]: Command `dbt init` succeeded at 14:48:42.789869 after 54.62 seconds
[0m14:48:42.790928 [debug] [MainThread]: Sending event: {'category': 'dbt', 'action': 'invocation', 'label': 'end', 'context': [<snowplow_tracker.self_describing_json.SelfDescribingJson object at 0x71fd11a02fa0>, <snowplow_tracker.self_describing_json.SelfDescribingJson object at 0x71fd10490fd0>, <snowplow_tracker.self_describing_json.SelfDescribingJson object at 0x71fd0f8659a0>]}
[0m14:48:42.791684 [debug] [MainThread]: Flushing usage events
